[2024-03-30 21:56:53] local.ERROR: Command "coverage" is not defined. {"exception":"[object] (Symfony\\Component\\Console\\Exception\\CommandNotFoundException(code: 0): Command \"coverage\" is not defined. at /home/jtrentini/PhpstormProjects/kanastra-payments/vendor/symfony/console/Application.php:737)
[stacktrace]
#0 /home/jtrentini/PhpstormProjects/kanastra-payments/vendor/symfony/console/Application.php(266): Symfony\\Component\\Console\\Application->find()
#1 /home/jtrentini/PhpstormProjects/kanastra-payments/vendor/symfony/console/Application.php(175): Symfony\\Component\\Console\\Application->doRun()
#2 /home/jtrentini/PhpstormProjects/kanastra-payments/vendor/laravel/framework/src/Illuminate/Foundation/Console/Kernel.php(201): Symfony\\Component\\Console\\Application->run()
#3 /home/jtrentini/PhpstormProjects/kanastra-payments/artisan(37): Illuminate\\Foundation\\Console\\Kernel->handle()
#4 {main}
"} 
[2024-03-30 22:07:16] local.ERROR: Command "test" is not defined.

Did you mean one of these?
    make:test
    schedule:test {"exception":"[object] (Symfony\\Component\\Console\\Exception\\CommandNotFoundException(code: 0): Command \"test\" is not defined.

Did you mean one of these?
    make:test
    schedule:test at /home/jtrentini/PhpstormProjects/kanastra-payments/vendor/symfony/console/Application.php:737)
[stacktrace]
#0 /home/jtrentini/PhpstormProjects/kanastra-payments/vendor/symfony/console/Application.php(266): Symfony\\Component\\Console\\Application->find()
#1 /home/jtrentini/PhpstormProjects/kanastra-payments/vendor/symfony/console/Application.php(175): Symfony\\Component\\Console\\Application->doRun()
#2 /home/jtrentini/PhpstormProjects/kanastra-payments/vendor/laravel/framework/src/Illuminate/Foundation/Console/Kernel.php(201): Symfony\\Component\\Console\\Application->run()
#3 /home/jtrentini/PhpstormProjects/kanastra-payments/artisan(37): Illuminate\\Foundation\\Console\\Kernel->handle()
#4 {main}
"} 
[2024-03-30 22:07:21] local.ERROR: Command "test" is not defined.

Did you mean one of these?
    make:test
    schedule:test {"exception":"[object] (Symfony\\Component\\Console\\Exception\\CommandNotFoundException(code: 0): Command \"test\" is not defined.

Did you mean one of these?
    make:test
    schedule:test at /home/jtrentini/PhpstormProjects/kanastra-payments/vendor/symfony/console/Application.php:737)
[stacktrace]
#0 /home/jtrentini/PhpstormProjects/kanastra-payments/vendor/symfony/console/Application.php(266): Symfony\\Component\\Console\\Application->find()
#1 /home/jtrentini/PhpstormProjects/kanastra-payments/vendor/symfony/console/Application.php(175): Symfony\\Component\\Console\\Application->doRun()
#2 /home/jtrentini/PhpstormProjects/kanastra-payments/vendor/laravel/framework/src/Illuminate/Foundation/Console/Kernel.php(201): Symfony\\Component\\Console\\Application->run()
#3 /home/jtrentini/PhpstormProjects/kanastra-payments/artisan(37): Illuminate\\Foundation\\Console\\Kernel->handle()
#4 {main}
"} 
[2024-03-30 22:07:32] local.ERROR: Command "test" is not defined.

Did you mean one of these?
    make:test
    schedule:test {"exception":"[object] (Symfony\\Component\\Console\\Exception\\CommandNotFoundException(code: 0): Command \"test\" is not defined.

Did you mean one of these?
    make:test
    schedule:test at /home/jtrentini/PhpstormProjects/kanastra-payments/vendor/symfony/console/Application.php:737)
[stacktrace]
#0 /home/jtrentini/PhpstormProjects/kanastra-payments/vendor/symfony/console/Application.php(266): Symfony\\Component\\Console\\Application->find()
#1 /home/jtrentini/PhpstormProjects/kanastra-payments/vendor/symfony/console/Application.php(175): Symfony\\Component\\Console\\Application->doRun()
#2 /home/jtrentini/PhpstormProjects/kanastra-payments/vendor/laravel/framework/src/Illuminate/Foundation/Console/Kernel.php(201): Symfony\\Component\\Console\\Application->run()
#3 /home/jtrentini/PhpstormProjects/kanastra-payments/artisan(37): Illuminate\\Foundation\\Console\\Kernel->handle()
#4 {main}
"} 
[2024-03-30 22:08:12] local.ERROR: Command "test" is not defined.

Did you mean one of these?
    make:test
    schedule:test {"exception":"[object] (Symfony\\Component\\Console\\Exception\\CommandNotFoundException(code: 0): Command \"test\" is not defined.

Did you mean one of these?
    make:test
    schedule:test at /home/jtrentini/PhpstormProjects/kanastra-payments/vendor/symfony/console/Application.php:737)
[stacktrace]
#0 /home/jtrentini/PhpstormProjects/kanastra-payments/vendor/symfony/console/Application.php(266): Symfony\\Component\\Console\\Application->find()
#1 /home/jtrentini/PhpstormProjects/kanastra-payments/vendor/symfony/console/Application.php(175): Symfony\\Component\\Console\\Application->doRun()
#2 /home/jtrentini/PhpstormProjects/kanastra-payments/vendor/laravel/framework/src/Illuminate/Foundation/Console/Kernel.php(201): Symfony\\Component\\Console\\Application->run()
#3 /home/jtrentini/PhpstormProjects/kanastra-payments/artisan(37): Illuminate\\Foundation\\Console\\Kernel->handle()
#4 {main}
"} 
[2024-03-30 22:08:34] local.ERROR: Command "tests" is not defined. {"exception":"[object] (Symfony\\Component\\Console\\Exception\\CommandNotFoundException(code: 0): Command \"tests\" is not defined. at /home/jtrentini/PhpstormProjects/kanastra-payments/vendor/symfony/console/Application.php:737)
[stacktrace]
#0 /home/jtrentini/PhpstormProjects/kanastra-payments/vendor/symfony/console/Application.php(266): Symfony\\Component\\Console\\Application->find()
#1 /home/jtrentini/PhpstormProjects/kanastra-payments/vendor/symfony/console/Application.php(175): Symfony\\Component\\Console\\Application->doRun()
#2 /home/jtrentini/PhpstormProjects/kanastra-payments/vendor/laravel/framework/src/Illuminate/Foundation/Console/Kernel.php(201): Symfony\\Component\\Console\\Application->run()
#3 /home/jtrentini/PhpstormProjects/kanastra-payments/artisan(37): Illuminate\\Foundation\\Console\\Kernel->handle()
#4 {main}
"} 
[2024-03-30 22:08:58] local.ERROR: Command "test" is not defined.

Did you mean one of these?
    make:test
    schedule:test {"exception":"[object] (Symfony\\Component\\Console\\Exception\\CommandNotFoundException(code: 0): Command \"test\" is not defined.

Did you mean one of these?
    make:test
    schedule:test at /home/jtrentini/PhpstormProjects/kanastra-payments/vendor/symfony/console/Application.php:737)
[stacktrace]
#0 /home/jtrentini/PhpstormProjects/kanastra-payments/vendor/symfony/console/Application.php(266): Symfony\\Component\\Console\\Application->find()
#1 /home/jtrentini/PhpstormProjects/kanastra-payments/vendor/symfony/console/Application.php(175): Symfony\\Component\\Console\\Application->doRun()
#2 /home/jtrentini/PhpstormProjects/kanastra-payments/vendor/laravel/framework/src/Illuminate/Foundation/Console/Kernel.php(201): Symfony\\Component\\Console\\Application->run()
#3 /home/jtrentini/PhpstormProjects/kanastra-payments/artisan(37): Illuminate\\Foundation\\Console\\Kernel->handle()
#4 {main}
"} 
[2024-03-30 22:10:48] local.ERROR: Command "test" is not defined.

Did you mean one of these?
    make:test
    schedule:test {"exception":"[object] (Symfony\\Component\\Console\\Exception\\CommandNotFoundException(code: 0): Command \"test\" is not defined.

Did you mean one of these?
    make:test
    schedule:test at /home/jtrentini/PhpstormProjects/kanastra-payments/vendor/symfony/console/Application.php:737)
[stacktrace]
#0 /home/jtrentini/PhpstormProjects/kanastra-payments/vendor/symfony/console/Application.php(266): Symfony\\Component\\Console\\Application->find()
#1 /home/jtrentini/PhpstormProjects/kanastra-payments/vendor/symfony/console/Application.php(175): Symfony\\Component\\Console\\Application->doRun()
#2 /home/jtrentini/PhpstormProjects/kanastra-payments/vendor/laravel/framework/src/Illuminate/Foundation/Console/Kernel.php(201): Symfony\\Component\\Console\\Application->run()
#3 /home/jtrentini/PhpstormProjects/kanastra-payments/artisan(37): Illuminate\\Foundation\\Console\\Kernel->handle()
#4 {main}
"} 
[2024-03-31 01:21:10] local.ERROR: Command "test" is not defined.

Did you mean one of these?
    make:test
    schedule:test {"exception":"[object] (Symfony\\Component\\Console\\Exception\\CommandNotFoundException(code: 0): Command \"test\" is not defined.

Did you mean one of these?
    make:test
    schedule:test at /home/jtrentini/PhpstormProjects/kanastra-payments/vendor/symfony/console/Application.php:737)
[stacktrace]
#0 /home/jtrentini/PhpstormProjects/kanastra-payments/vendor/symfony/console/Application.php(266): Symfony\\Component\\Console\\Application->find()
#1 /home/jtrentini/PhpstormProjects/kanastra-payments/vendor/symfony/console/Application.php(175): Symfony\\Component\\Console\\Application->doRun()
#2 /home/jtrentini/PhpstormProjects/kanastra-payments/vendor/laravel/framework/src/Illuminate/Foundation/Console/Kernel.php(201): Symfony\\Component\\Console\\Application->run()
#3 /home/jtrentini/PhpstormProjects/kanastra-payments/artisan(37): Illuminate\\Foundation\\Console\\Kernel->handle()
#4 {main}
"} 
[2024-03-31 01:22:05] local.ERROR: Command "test" is not defined.

Did you mean one of these?
    make:test
    schedule:test {"exception":"[object] (Symfony\\Component\\Console\\Exception\\CommandNotFoundException(code: 0): Command \"test\" is not defined.

Did you mean one of these?
    make:test
    schedule:test at /home/jtrentini/PhpstormProjects/kanastra-payments/vendor/symfony/console/Application.php:737)
[stacktrace]
#0 /home/jtrentini/PhpstormProjects/kanastra-payments/vendor/symfony/console/Application.php(266): Symfony\\Component\\Console\\Application->find()
#1 /home/jtrentini/PhpstormProjects/kanastra-payments/vendor/symfony/console/Application.php(175): Symfony\\Component\\Console\\Application->doRun()
#2 /home/jtrentini/PhpstormProjects/kanastra-payments/vendor/laravel/framework/src/Illuminate/Foundation/Console/Kernel.php(201): Symfony\\Component\\Console\\Application->run()
#3 /home/jtrentini/PhpstormProjects/kanastra-payments/artisan(37): Illuminate\\Foundation\\Console\\Kernel->handle()
#4 {main}
"} 
[2024-03-31 01:22:51] local.ERROR: Command "test" is not defined.

Did you mean one of these?
    make:test
    schedule:test {"exception":"[object] (Symfony\\Component\\Console\\Exception\\CommandNotFoundException(code: 0): Command \"test\" is not defined.

Did you mean one of these?
    make:test
    schedule:test at /home/jtrentini/PhpstormProjects/kanastra-payments/vendor/symfony/console/Application.php:737)
[stacktrace]
#0 /home/jtrentini/PhpstormProjects/kanastra-payments/vendor/symfony/console/Application.php(266): Symfony\\Component\\Console\\Application->find()
#1 /home/jtrentini/PhpstormProjects/kanastra-payments/vendor/symfony/console/Application.php(175): Symfony\\Component\\Console\\Application->doRun()
#2 /home/jtrentini/PhpstormProjects/kanastra-payments/vendor/laravel/framework/src/Illuminate/Foundation/Console/Kernel.php(201): Symfony\\Component\\Console\\Application->run()
#3 /home/jtrentini/PhpstormProjects/kanastra-payments/artisan(37): Illuminate\\Foundation\\Console\\Kernel->handle()
#4 {main}
"} 
[2024-03-31 01:23:24] local.ERROR: Command "test" is not defined.

Did you mean one of these?
    make:test
    schedule:test {"exception":"[object] (Symfony\\Component\\Console\\Exception\\CommandNotFoundException(code: 0): Command \"test\" is not defined.

Did you mean one of these?
    make:test
    schedule:test at /home/jtrentini/PhpstormProjects/kanastra-payments/vendor/symfony/console/Application.php:737)
[stacktrace]
#0 /home/jtrentini/PhpstormProjects/kanastra-payments/vendor/symfony/console/Application.php(266): Symfony\\Component\\Console\\Application->find()
#1 /home/jtrentini/PhpstormProjects/kanastra-payments/vendor/symfony/console/Application.php(175): Symfony\\Component\\Console\\Application->doRun()
#2 /home/jtrentini/PhpstormProjects/kanastra-payments/vendor/laravel/framework/src/Illuminate/Foundation/Console/Kernel.php(201): Symfony\\Component\\Console\\Application->run()
#3 /home/jtrentini/PhpstormProjects/kanastra-payments/artisan(37): Illuminate\\Foundation\\Console\\Kernel->handle()
#4 {main}
"} 
[2024-03-31 01:24:19] local.ERROR: Command "test" is not defined.

Did you mean one of these?
    make:test
    schedule:test {"exception":"[object] (Symfony\\Component\\Console\\Exception\\CommandNotFoundException(code: 0): Command \"test\" is not defined.

Did you mean one of these?
    make:test
    schedule:test at /home/jtrentini/PhpstormProjects/kanastra-payments/vendor/symfony/console/Application.php:737)
[stacktrace]
#0 /home/jtrentini/PhpstormProjects/kanastra-payments/vendor/symfony/console/Application.php(266): Symfony\\Component\\Console\\Application->find()
#1 /home/jtrentini/PhpstormProjects/kanastra-payments/vendor/symfony/console/Application.php(175): Symfony\\Component\\Console\\Application->doRun()
#2 /home/jtrentini/PhpstormProjects/kanastra-payments/vendor/laravel/framework/src/Illuminate/Foundation/Console/Kernel.php(201): Symfony\\Component\\Console\\Application->run()
#3 /home/jtrentini/PhpstormProjects/kanastra-payments/artisan(37): Illuminate\\Foundation\\Console\\Kernel->handle()
#4 {main}
"} 
[2024-03-31 01:27:11] local.ERROR: Command "test" is not defined.

Did you mean one of these?
    make:test
    schedule:test {"exception":"[object] (Symfony\\Component\\Console\\Exception\\CommandNotFoundException(code: 0): Command \"test\" is not defined.

Did you mean one of these?
    make:test
    schedule:test at /home/jtrentini/PhpstormProjects/kanastra-payments/vendor/symfony/console/Application.php:737)
[stacktrace]
#0 /home/jtrentini/PhpstormProjects/kanastra-payments/vendor/symfony/console/Application.php(266): Symfony\\Component\\Console\\Application->find()
#1 /home/jtrentini/PhpstormProjects/kanastra-payments/vendor/symfony/console/Application.php(175): Symfony\\Component\\Console\\Application->doRun()
#2 /home/jtrentini/PhpstormProjects/kanastra-payments/vendor/laravel/framework/src/Illuminate/Foundation/Console/Kernel.php(201): Symfony\\Component\\Console\\Application->run()
#3 /home/jtrentini/PhpstormProjects/kanastra-payments/artisan(37): Illuminate\\Foundation\\Console\\Kernel->handle()
#4 {main}
"} 
[2024-03-31 01:27:53] local.ERROR: Command "test" is not defined.

Did you mean one of these?
    make:test
    schedule:test {"exception":"[object] (Symfony\\Component\\Console\\Exception\\CommandNotFoundException(code: 0): Command \"test\" is not defined.

Did you mean one of these?
    make:test
    schedule:test at /home/jtrentini/PhpstormProjects/kanastra-payments/vendor/symfony/console/Application.php:737)
[stacktrace]
#0 /home/jtrentini/PhpstormProjects/kanastra-payments/vendor/symfony/console/Application.php(266): Symfony\\Component\\Console\\Application->find()
#1 /home/jtrentini/PhpstormProjects/kanastra-payments/vendor/symfony/console/Application.php(175): Symfony\\Component\\Console\\Application->doRun()
#2 /home/jtrentini/PhpstormProjects/kanastra-payments/vendor/laravel/framework/src/Illuminate/Foundation/Console/Kernel.php(201): Symfony\\Component\\Console\\Application->run()
#3 /home/jtrentini/PhpstormProjects/kanastra-payments/artisan(37): Illuminate\\Foundation\\Console\\Kernel->handle()
#4 {main}
"} 
[2024-03-31 01:27:54] local.ERROR: Command "test" is not defined.

Did you mean one of these?
    make:test
    schedule:test {"exception":"[object] (Symfony\\Component\\Console\\Exception\\CommandNotFoundException(code: 0): Command \"test\" is not defined.

Did you mean one of these?
    make:test
    schedule:test at /home/jtrentini/PhpstormProjects/kanastra-payments/vendor/symfony/console/Application.php:737)
[stacktrace]
#0 /home/jtrentini/PhpstormProjects/kanastra-payments/vendor/symfony/console/Application.php(266): Symfony\\Component\\Console\\Application->find()
#1 /home/jtrentini/PhpstormProjects/kanastra-payments/vendor/symfony/console/Application.php(175): Symfony\\Component\\Console\\Application->doRun()
#2 /home/jtrentini/PhpstormProjects/kanastra-payments/vendor/laravel/framework/src/Illuminate/Foundation/Console/Kernel.php(201): Symfony\\Component\\Console\\Application->run()
#3 /home/jtrentini/PhpstormProjects/kanastra-payments/artisan(37): Illuminate\\Foundation\\Console\\Kernel->handle()
#4 {main}
"} 
[2024-03-31 01:28:17] local.ERROR: Command "test" is not defined.

Did you mean one of these?
    make:test
    schedule:test {"exception":"[object] (Symfony\\Component\\Console\\Exception\\CommandNotFoundException(code: 0): Command \"test\" is not defined.

Did you mean one of these?
    make:test
    schedule:test at /home/jtrentini/PhpstormProjects/kanastra-payments/vendor/symfony/console/Application.php:737)
[stacktrace]
#0 /home/jtrentini/PhpstormProjects/kanastra-payments/vendor/symfony/console/Application.php(266): Symfony\\Component\\Console\\Application->find()
#1 /home/jtrentini/PhpstormProjects/kanastra-payments/vendor/symfony/console/Application.php(175): Symfony\\Component\\Console\\Application->doRun()
#2 /home/jtrentini/PhpstormProjects/kanastra-payments/vendor/laravel/framework/src/Illuminate/Foundation/Console/Kernel.php(201): Symfony\\Component\\Console\\Application->run()
#3 /home/jtrentini/PhpstormProjects/kanastra-payments/artisan(37): Illuminate\\Foundation\\Console\\Kernel->handle()
#4 {main}
"} 
